<?xml version="1.0" encoding="UTF-8"?>
<!-- Generated by org.testng.reporters.JUnitXMLReporter -->
<testsuite ignored="1" hostname="DESKTOP-EFUJ16N" failures="0" tests="3" name="Surefire test" time="9.439" errors="0" timestamp="2024-01-04T21:43:27 ECT">
  <testcase classname="com.globant.test.SauceDemoTests" name="logoutTest" time="1.677"/>
  <testcase classname="com.globant.test.SauceDemoTests" name="purchaseProductTest" time="2.806"/>
  <testcase classname="com.globant.test.SauceDemoTests" name="removeElementsFromCartTest" time="1.802"/>
  <testcase classname="com.globant.test.BaseTest" name="@AfterTest tearDown" time="0.0">
    <ignored/>
  </testcase> <!-- @AfterTest tearDown -->
</testsuite> <!-- Surefire test -->
