<?xml version="1.0" encoding="UTF-8"?>
<testng-results ignored="0" total="3" passed="3" failed="0" skipped="0">
  <reporter-output>
  </reporter-output>
  <suite started-at="2024-01-04T21:43:18 ECT" name="Surefire suite" finished-at="2024-01-04T21:43:27 ECT" duration-ms="9439">
    <groups>
    </groups>
    <test started-at="2024-01-04T21:43:18 ECT" name="Surefire test" finished-at="2024-01-04T21:43:27 ECT" duration-ms="9439">
      <class name="com.globant.test.BaseTest">
        <test-method is-config="true" signature="tearDown()[pri:0, instance:com.globant.test.BaseTest@b62fe6d]" started-at="2024-01-04T21:43:27 ECT" name="tearDown" finished-at="2024-01-04T21:43:27 ECT" duration-ms="6" status="PASS">
          <reporter-output>
          </reporter-output>
        </test-method> <!-- tearDown -->
      </class> <!-- com.globant.test.BaseTest -->
      <class name="com.globant.test.SauceDemoTests">
        <test-method is-config="true" signature="setUp()[pri:0, instance:com.globant.test.SauceDemoTests@1460a8c0]" started-at="2024-01-04T21:43:18 ECT" name="setUp" finished-at="2024-01-04T21:43:21 ECT" duration-ms="3110" status="PASS">
          <reporter-output>
          </reporter-output>
        </test-method> <!-- setUp -->
        <test-method signature="logoutTest()[pri:0, instance:com.globant.test.SauceDemoTests@1460a8c0]" started-at="2024-01-04T21:43:21 ECT" name="logoutTest" finished-at="2024-01-04T21:43:22 ECT" duration-ms="1677" status="PASS">
          <reporter-output>
          </reporter-output>
        </test-method> <!-- logoutTest -->
        <test-method signature="purchaseProductTest()[pri:0, instance:com.globant.test.SauceDemoTests@1460a8c0]" started-at="2024-01-04T21:43:22 ECT" name="purchaseProductTest" finished-at="2024-01-04T21:43:25 ECT" duration-ms="2806" status="PASS">
          <reporter-output>
          </reporter-output>
        </test-method> <!-- purchaseProductTest -->
        <test-method signature="removeElementsFromCartTest()[pri:0, instance:com.globant.test.SauceDemoTests@1460a8c0]" started-at="2024-01-04T21:43:25 ECT" name="removeElementsFromCartTest" finished-at="2024-01-04T21:43:27 ECT" duration-ms="1802" status="PASS">
          <reporter-output>
          </reporter-output>
        </test-method> <!-- removeElementsFromCartTest -->
      </class> <!-- com.globant.test.SauceDemoTests -->
    </test> <!-- Surefire test -->
  </suite> <!-- Surefire suite -->
</testng-results>
